<?xml version="1.0" encoding="UTF-8" ?>
<testsuite failures="0" time="0.204" errors="1" skipped="0" tests="5" name="cc.aileron.peg.test.PegTest">
  <properties>
    <property name="java.runtime.name" value="Java(TM) SE Runtime Environment"/>
    <property name="sun.boot.library.path" value="/System/Library/Java/JavaVirtualMachines/1.6.0.jdk/Contents/Libraries"/>
    <property name="java.vm.version" value="19.1-b02-334"/>
    <property name="awt.nativeDoubleBuffering" value="true"/>
    <property name="gopherProxySet" value="false"/>
    <property name="mrj.build" value="10M3326"/>
    <property name="java.vm.vendor" value="Apple Inc."/>
    <property name="java.vendor.url" value="http://www.apple.com/"/>
    <property name="path.separator" value=":"/>
    <property name="java.vm.name" value="Java HotSpot(TM) 64-Bit Server VM"/>
    <property name="file.encoding.pkg" value="sun.io"/>
    <property name="user.country" value="JP"/>
    <property name="sun.java.launcher" value="SUN_STANDARD"/>
    <property name="sun.os.patch.level" value="unknown"/>
    <property name="java.vm.specification.name" value="Java Virtual Machine Specification"/>
    <property name="user.dir" value="/ApplicationExt/Eclipse/workspace/a3framework/a3framework-peg"/>
    <property name="java.runtime.version" value="1.6.0_24-b07-334-10M3326"/>
    <property name="java.awt.graphicsenv" value="apple.awt.CGraphicsEnvironment"/>
    <property name="basedir" value="/ApplicationExt/Eclipse/workspace/a3framework/a3framework-peg"/>
    <property name="java.endorsed.dirs" value="/System/Library/Java/JavaVirtualMachines/1.6.0.jdk/Contents/Home/lib/endorsed"/>
    <property name="os.arch" value="x86_64"/>
    <property name="surefire.real.class.path" value="/var/folders/wA/wAqvlNpeHjqGxSDrzUTYg++++TI/-Tmp-/surefirebooter5503109733096492844.jar"/>
    <property name="java.io.tmpdir" value="/var/folders/wA/wAqvlNpeHjqGxSDrzUTYg++++TI/-Tmp-/"/>
    <property name="line.separator" value="
"/>
    <property name="java.vm.specification.vendor" value="Sun Microsystems Inc."/>
    <property name="os.name" value="Mac OS X"/>
    <property name="sun.jnu.encoding" value="SJIS"/>
    <property name="java.library.path" value=".:/Library/Java/Extensions:/System/Library/Java/Extensions:/usr/lib/java"/>
    <property name="surefire.test.class.path" value="/ApplicationExt/Eclipse/workspace/a3framework/a3framework-peg/target/test-classes:/ApplicationExt/Eclipse/workspace/a3framework/a3framework-peg/target/classes:/Users/aileron/.m2/repository/junit/junit/4.8.2/junit-4.8.2.jar:/ApplicationExt/Eclipse/workspace/a3framework/a3framework-generic/target/a3framework-generic.jar:"/>
    <property name="java.specification.name" value="Java Platform API Specification"/>
    <property name="java.class.version" value="50.0"/>
    <property name="sun.management.compiler" value="HotSpot 64-Bit Server Compiler"/>
    <property name="os.version" value="10.6.7"/>
    <property name="http.nonProxyHosts" value="local|*.local|169.254/16|*.169.254/16"/>
    <property name="user.home" value="/Users/aileron"/>
    <property name="user.timezone" value=""/>
    <property name="java.awt.printerjob" value="apple.awt.CPrinterJob"/>
    <property name="java.specification.version" value="1.6"/>
    <property name="file.encoding" value="UTF-8"/>
    <property name="user.name" value="aileron"/>
    <property name="java.class.path" value="/ApplicationExt/Eclipse/workspace/a3framework/a3framework-peg/target/test-classes:/ApplicationExt/Eclipse/workspace/a3framework/a3framework-peg/target/classes:/Users/aileron/.m2/repository/junit/junit/4.8.2/junit-4.8.2.jar:/ApplicationExt/Eclipse/workspace/a3framework/a3framework-generic/target/a3framework-generic.jar:"/>
    <property name="java.vm.specification.version" value="1.0"/>
    <property name="sun.arch.data.model" value="64"/>
    <property name="java.home" value="/System/Library/Java/JavaVirtualMachines/1.6.0.jdk/Contents/Home"/>
    <property name="java.specification.vendor" value="Sun Microsystems Inc."/>
    <property name="user.language" value="ja"/>
    <property name="awt.toolkit" value="apple.awt.CToolkit"/>
    <property name="java.vm.info" value="mixed mode"/>
    <property name="java.version" value="1.6.0_24"/>
    <property name="java.ext.dirs" value="/Library/Java/Extensions:/System/Library/Java/Extensions:/System/Library/Java/JavaVirtualMachines/1.6.0.jdk/Contents/Home/lib/ext"/>
    <property name="sun.boot.class.path" value="/System/Library/Java/JavaVirtualMachines/1.6.0.jdk/Contents/Classes/jsfd.jar:/System/Library/Java/JavaVirtualMachines/1.6.0.jdk/Contents/Classes/classes.jar:/System/Library/Frameworks/JavaVM.framework/Frameworks/JavaRuntimeSupport.framework/Resources/Java/JavaRuntimeSupport.jar:/System/Library/Java/JavaVirtualMachines/1.6.0.jdk/Contents/Classes/ui.jar:/System/Library/Java/JavaVirtualMachines/1.6.0.jdk/Contents/Classes/laf.jar:/System/Library/Java/JavaVirtualMachines/1.6.0.jdk/Contents/Classes/sunrsasign.jar:/System/Library/Java/JavaVirtualMachines/1.6.0.jdk/Contents/Classes/jsse.jar:/System/Library/Java/JavaVirtualMachines/1.6.0.jdk/Contents/Classes/jce.jar:/System/Library/Java/JavaVirtualMachines/1.6.0.jdk/Contents/Classes/charsets.jar"/>
    <property name="java.vendor" value="Apple Inc."/>
    <property name="localRepository" value="/Users/aileron/.m2/repository"/>
    <property name="file.separator" value="/"/>
    <property name="java.vendor.url.bug" value="http://bugreport.apple.com/"/>
    <property name="sun.cpu.endian" value="little"/>
    <property name="sun.io.unicode.encoding" value="UnicodeLittle"/>
    <property name="mrj.version" value="1060.1.6.0_24-334"/>
    <property name="socksNonProxyHosts" value="local|*.local|169.254/16|*.169.254/16"/>
    <property name="ftp.nonProxyHosts" value="local|*.local|169.254/16|*.169.254/16"/>
    <property name="sun.cpu.isalist" value=""/>
  </properties>
  <testcase time="0.024" classname="cc.aileron.peg.test.PegTest" name="date"/>
  <testcase time="0.004" classname="cc.aileron.peg.test.PegTest" name="nc"/>
  <testcase time="0.011" classname="cc.aileron.peg.test.PegTest" name="rpn"/>
  <testcase time="0.006" classname="cc.aileron.peg.test.PegTest" name="sexpr">
    <error type="java.lang.NullPointerException">java.lang.NullPointerException
	at cc.aileron.peg.Peg$10.parse(Peg.java:337)
	at cc.aileron.peg.Peg$14.parse(Peg.java:489)
	at cc.aileron.peg.Peg$16.parse(Peg.java:576)
	at cc.aileron.peg.Peg$4.parse(Peg.java:120)
	at cc.aileron.peg.Peg$14.parse(Peg.java:489)
	at cc.aileron.peg.Peg$16.parse(Peg.java:576)
	at cc.aileron.peg.Peg$14.parse(Peg.java:489)
	at cc.aileron.peg.Peg$16.parse(Peg.java:576)
	at cc.aileron.peg.test.PegTest$2.parse(PegTest.java:187)
	at cc.aileron.peg.Peg.parse(Peg.java:459)
	at cc.aileron.peg.test.PegTest.sexpr(PegTest.java:206)
	at sun.reflect.NativeMethodAccessorImpl.invoke0(Native Method)
	at sun.reflect.NativeMethodAccessorImpl.invoke(NativeMethodAccessorImpl.java:39)
	at sun.reflect.DelegatingMethodAccessorImpl.invoke(DelegatingMethodAccessorImpl.java:25)
	at java.lang.reflect.Method.invoke(Method.java:597)
	at org.junit.runners.model.FrameworkMethod$1.runReflectiveCall(FrameworkMethod.java:44)
	at org.junit.internal.runners.model.ReflectiveCallable.run(ReflectiveCallable.java:15)
	at org.junit.runners.model.FrameworkMethod.invokeExplosively(FrameworkMethod.java:41)
	at org.junit.internal.runners.statements.InvokeMethod.evaluate(InvokeMethod.java:20)
	at org.junit.runners.BlockJUnit4ClassRunner.runNotIgnored(BlockJUnit4ClassRunner.java:79)
	at org.junit.runners.BlockJUnit4ClassRunner.runChild(BlockJUnit4ClassRunner.java:71)
	at org.junit.runners.BlockJUnit4ClassRunner.runChild(BlockJUnit4ClassRunner.java:49)
	at org.junit.runners.ParentRunner$3.run(ParentRunner.java:193)
	at org.junit.runners.ParentRunner$1.schedule(ParentRunner.java:52)
	at org.junit.runners.ParentRunner.runChildren(ParentRunner.java:191)
	at org.junit.runners.ParentRunner.access$000(ParentRunner.java:42)
	at org.junit.runners.ParentRunner$2.evaluate(ParentRunner.java:184)
	at org.junit.runners.ParentRunner.run(ParentRunner.java:236)
	at org.apache.maven.surefire.junit4.JUnit4TestSet.execute(JUnit4TestSet.java:59)
	at org.apache.maven.surefire.suite.AbstractDirectoryTestSuite.executeTestSet(AbstractDirectoryTestSuite.java:120)
	at org.apache.maven.surefire.suite.AbstractDirectoryTestSuite.execute(AbstractDirectoryTestSuite.java:103)
	at org.apache.maven.surefire.Surefire.run(Surefire.java:169)
	at sun.reflect.NativeMethodAccessorImpl.invoke0(Native Method)
	at sun.reflect.NativeMethodAccessorImpl.invoke(NativeMethodAccessorImpl.java:39)
	at sun.reflect.DelegatingMethodAccessorImpl.invoke(DelegatingMethodAccessorImpl.java:25)
	at java.lang.reflect.Method.invoke(Method.java:597)
	at org.apache.maven.surefire.booter.SurefireBooter.runSuitesInProcess(SurefireBooter.java:350)
	at org.apache.maven.surefire.booter.SurefireBooter.main(SurefireBooter.java:1021)
</error>
  </testcase>
  <testcase time="0.003" classname="cc.aileron.peg.test.PegTest" name="spec"/>
</testsuite>